2026-02-22 02:56:40,916 | INFO | modules.ui | component=engine mode=PAPER symbol=- order_id=- strategy=- | ✅ API Connected (https://paper-api.alpaca.markets)
2026-02-22 02:56:41,088 | INFO | modules.ui | component=engine mode=PAPER symbol=- order_id=- strategy=- | 🔄 Syncing Alpaca positions to Database...
2026-02-22 02:56:41,360 | INFO | modules.ui | component=engine mode=PAPER symbol=- order_id=- strategy=- | ℹ️ Sync skipped (no broker positions available)
2026-02-22 02:56:41,415 | INFO | modules.ui | component=ui mode=PAPER symbol=- order_id=- strategy=- | 🧠 [AI] Not enough data to train.
2026-02-22 02:57:04,779 | INFO | modules.ui | component=ui mode=PAPER symbol=- order_id=- strategy=- | [WATCHLIST] Crypto stable set selected: [] (universe=0, lookback=390)
2026-02-22 02:57:34,613 | INFO | modules.ui | component=ui mode=PAPER symbol=- order_id=- strategy=- | 🎛️ [MINIPLAYER] DISABLED (UI refresh: 2.0s)
2026-02-22 03:01:53,889 | INFO | modules.ui | component=ui mode=PAPER symbol=- order_id=- strategy=- | ⏳ PLTR | fetched 7633 | inserted 7434 | up_to_date False (1/12)
2026-02-22 03:01:53,993 | INFO | modules.ui | component=ui mode=PAPER symbol=- order_id=- strategy=- | ⏳ UBER | fetched 7761 | inserted 7562 | up_to_date False (2/12)
2026-02-22 03:01:54,098 | INFO | modules.ui | component=ui mode=PAPER symbol=- order_id=- strategy=- | ⏳ AMD | fetched 7620 | inserted 7421 | up_to_date False (3/12)
2026-02-22 03:01:54,207 | INFO | modules.ui | component=ui mode=PAPER symbol=- order_id=- strategy=- | ⏳ MARA | fetched 7976 | inserted 7777 | up_to_date False (4/12)
2026-02-22 03:01:54,419 | INFO | modules.ui | component=ui mode=PAPER symbol=- order_id=- strategy=- | ⏳ HOOD | fetched 7670 | inserted 7471 | up_to_date False (5/12)
2026-02-22 03:01:55,161 | INFO | modules.ui | component=ui mode=PAPER symbol=- order_id=- strategy=- | ⏳ SPXU | fetched 3806 | inserted 3607 | up_to_date False (6/12)
2026-02-22 03:01:57,450 | INFO | modules.ui | component=ui mode=PAPER symbol=- order_id=- strategy=- | ⏳ SOXS | fetched 5760 | inserted 5561 | up_to_date False (7/12)
2026-02-22 03:01:57,570 | INFO | modules.ui | component=ui mode=PAPER symbol=- order_id=- strategy=- | ⏳ COIN | fetched 7579 | inserted 7380 | up_to_date False (8/12)
2026-02-22 03:01:57,697 | INFO | modules.ui | component=ui mode=PAPER symbol=- order_id=- strategy=- | ⏳ XLE | fetched 7787 | inserted 7588 | up_to_date False (9/12)
2026-02-22 03:01:58,505 | INFO | modules.ui | component=ui mode=PAPER symbol=- order_id=- strategy=- | ⏳ SOXL | fetched 7810 | inserted 7611 | up_to_date False (10/12)
2026-02-22 03:01:58,727 | INFO | modules.ui | component=ui mode=PAPER symbol=- order_id=- strategy=- | ⏳ SQQQ | fetched 8477 | inserted 8278 | up_to_date False (11/12)
2026-02-22 03:02:00,278 | INFO | modules.ui | component=ui mode=PAPER symbol=- order_id=- strategy=- | ⏳ TQQQ | fetched 8863 | inserted 8664 | up_to_date False (12/12)
2026-02-22 03:02:00,279 | INFO | modules.ui | component=ui mode=PAPER symbol=- order_id=- strategy=- | ✅ Update Complete! You may close this window.
2026-02-22 03:02:00,310 | INFO | modules.ui | component=engine mode=PAPER symbol=- order_id=- strategy=- | 📄 Run summary written: summary_2026.02.22_03.02.00_paper.json
2026-02-22 03:13:56,508 | INFO | modules.ui | component=engine mode=PAPER symbol=- order_id=- strategy=- | ✅ API Connected (https://paper-api.alpaca.markets)
2026-02-22 03:13:56,687 | INFO | modules.ui | component=engine mode=PAPER symbol=- order_id=- strategy=- | 🔄 Syncing Alpaca positions to Database...
2026-02-22 03:13:56,972 | INFO | modules.ui | component=engine mode=PAPER symbol=- order_id=- strategy=- | ℹ️ Sync skipped (no broker positions available)
2026-02-22 03:14:21,166 | INFO | modules.ui | component=ui mode=PAPER symbol=- order_id=- strategy=- | 🧠 [AI] Model Trained (v2). Holdout Accuracy: 81.10% | Rows: 85573 | PosRate: 42.86%
2026-02-22 03:14:29,592 | INFO | modules.ui | component=ui mode=PAPER symbol=- order_id=- strategy=- | [DB] ⏳ MARA | fetched 562 | inserted 0 | up_to_date True (1/12)
2026-02-22 03:14:29,602 | INFO | modules.ui | component=ui mode=PAPER symbol=- order_id=- strategy=- | [DB] ⏳ UBER | fetched 588 | inserted 0 | up_to_date True (2/12)
2026-02-22 03:14:29,603 | INFO | modules.ui | component=ui mode=PAPER symbol=- order_id=- strategy=- | [DB] ⏳ HOOD | fetched 581 | inserted 0 | up_to_date True (3/12)
2026-02-22 03:14:29,618 | INFO | modules.ui | component=ui mode=PAPER symbol=- order_id=- strategy=- | [DB] ⏳ AMD | fetched 587 | inserted 0 | up_to_date True (4/12)
2026-02-22 03:14:29,625 | INFO | modules.ui | component=ui mode=PAPER symbol=- order_id=- strategy=- | [DB] ⏳ PLTR | fetched 570 | inserted 0 | up_to_date True (5/12)
2026-02-22 03:14:29,879 | INFO | modules.ui | component=ui mode=PAPER symbol=- order_id=- strategy=- | [DB] ⏳ COIN | fetched 574 | inserted 0 | up_to_date True (6/12)
2026-02-22 03:14:29,881 | INFO | modules.ui | component=ui mode=PAPER symbol=- order_id=- strategy=- | [DB] ⏳ XLE | fetched 586 | inserted 0 | up_to_date True (7/12)
2026-02-22 03:14:29,930 | INFO | modules.ui | component=ui mode=PAPER symbol=- order_id=- strategy=- | [DB] ⏳ SOXS | fetched 460 | inserted 0 | up_to_date True (8/12)
2026-02-22 03:14:29,947 | INFO | modules.ui | component=ui mode=PAPER symbol=- order_id=- strategy=- | [DB] ⏳ SPXU | fetched 487 | inserted 0 | up_to_date True (9/12)
2026-02-22 03:14:29,951 | INFO | modules.ui | component=ui mode=PAPER symbol=- order_id=- strategy=- | [DB] ⏳ SOXL | fetched 590 | inserted 0 | up_to_date True (10/12)
2026-02-22 03:14:30,049 | INFO | modules.ui | component=ui mode=PAPER symbol=- order_id=- strategy=- | [DB] ⏳ SQQQ | fetched 639 | inserted 0 | up_to_date True (11/12)
2026-02-22 03:14:30,109 | INFO | modules.ui | component=ui mode=PAPER symbol=- order_id=- strategy=- | [DB] ⏳ TQQQ | fetched 646 | inserted 0 | up_to_date True (12/12)
2026-02-22 03:14:30,110 | INFO | modules.ui | component=ui mode=PAPER symbol=- order_id=- strategy=- | [DB] ✅ Update Complete! You may close this window.
2026-02-22 03:14:30,111 | INFO | modules.ui | component=ui mode=PAPER symbol=- order_id=- strategy=- | 🧠 [AI] Retraining after DB update...
2026-02-22 03:14:37,783 | INFO | modules.ui | component=ui mode=PAPER symbol=- order_id=- strategy=- | [WATCHLIST] Crypto stable set selected: [] (universe=0, lookback=390)
2026-02-22 03:14:52,801 | INFO | modules.ui | component=ui mode=PAPER symbol=- order_id=- strategy=- | 🧠 [AI] Model Trained (v2). Holdout Accuracy: 81.10% | Rows: 85573 | PosRate: 42.86%
2026-02-22 03:18:57,968 | INFO | modules.ui | component=ui mode=PAPER symbol=- order_id=- strategy=- | ⏳ HOOD | fetched 581 | inserted 0 | up_to_date True (1/12)
2026-02-22 03:18:57,991 | INFO | modules.ui | component=ui mode=PAPER symbol=- order_id=- strategy=- | ⏳ PLTR | fetched 570 | inserted 0 | up_to_date True (2/12)
2026-02-22 03:18:58,014 | INFO | modules.ui | component=ui mode=PAPER symbol=- order_id=- strategy=- | ⏳ UBER | fetched 588 | inserted 0 | up_to_date True (3/12)
2026-02-22 03:18:58,036 | INFO | modules.ui | component=ui mode=PAPER symbol=- order_id=- strategy=- | ⏳ MARA | fetched 562 | inserted 0 | up_to_date True (4/12)
2026-02-22 03:18:58,057 | INFO | modules.ui | component=ui mode=PAPER symbol=- order_id=- strategy=- | ⏳ AMD | fetched 587 | inserted 0 | up_to_date True (5/12)
2026-02-22 03:18:58,155 | INFO | modules.ui | component=ui mode=PAPER symbol=- order_id=- strategy=- | ⏳ COIN | fetched 574 | inserted 0 | up_to_date True (6/12)
2026-02-22 03:18:58,162 | INFO | modules.ui | component=ui mode=PAPER symbol=- order_id=- strategy=- | ⏳ XLE | fetched 586 | inserted 0 | up_to_date True (7/12)
2026-02-22 03:18:58,190 | INFO | modules.ui | component=ui mode=PAPER symbol=- order_id=- strategy=- | ⏳ SOXS | fetched 460 | inserted 0 | up_to_date True (8/12)
2026-02-22 03:18:58,208 | INFO | modules.ui | component=ui mode=PAPER symbol=- order_id=- strategy=- | ⏳ SOXL | fetched 590 | inserted 0 | up_to_date True (9/12)
2026-02-22 03:18:58,221 | INFO | modules.ui | component=ui mode=PAPER symbol=- order_id=- strategy=- | ⏳ SPXU | fetched 487 | inserted 0 | up_to_date True (10/12)
2026-02-22 03:18:58,347 | INFO | modules.ui | component=ui mode=PAPER symbol=- order_id=- strategy=- | ⏳ SQQQ | fetched 639 | inserted 0 | up_to_date True (11/12)
2026-02-22 03:18:58,348 | INFO | modules.ui | component=ui mode=PAPER symbol=- order_id=- strategy=- | ⏳ TQQQ | fetched 646 | inserted 0 | up_to_date True (12/12)
2026-02-22 03:18:58,349 | INFO | modules.ui | component=ui mode=PAPER symbol=- order_id=- strategy=- | ✅ Update Complete! You may close this window.
2026-02-22 03:21:49,123 | INFO | modules.ui | component=ui mode=PAPER symbol=- order_id=- strategy=- | Starting Backtest...
2026-02-22 03:21:49,699 | INFO | modules.ui | component=ui mode=PAPER symbol=- order_id=- strategy=- | Backtesting... 5/12
2026-02-22 03:21:50,273 | INFO | modules.ui | component=ui mode=PAPER symbol=- order_id=- strategy=- | Backtesting... 10/12
2026-02-22 03:21:50,511 | INFO | modules.ui | component=ui mode=PAPER symbol=- order_id=- strategy=- | ✅ Backtest Complete.
2026-02-22 03:23:12,653 | INFO | modules.ui | component=ui mode=PAPER symbol=- order_id=- strategy=- | 🧠 [AI] Retrain started...
2026-02-22 03:23:35,404 | INFO | modules.ui | component=ui mode=PAPER symbol=- order_id=- strategy=- | 🧠 [AI] Model Trained (v2). Holdout Accuracy: 81.10% | Rows: 85573 | PosRate: 42.86%
2026-02-22 03:30:20,420 | INFO | modules.ui | component=engine mode=PAPER symbol=- order_id=- strategy=- | 📄 Run summary written: summary_2026.02.22_03.30.20_paper.json
2026-02-22 05:00:52,581 | INFO | modules.ui | component=engine mode=PAPER symbol=- order_id=- strategy=- | ✅ API Connected (https://paper-api.alpaca.markets)
2026-02-22 05:00:52,754 | INFO | modules.ui | component=engine mode=PAPER symbol=- order_id=- strategy=- | 🔄 Syncing Alpaca positions to Database...
2026-02-22 05:00:53,061 | INFO | modules.ui | component=engine mode=PAPER symbol=- order_id=- strategy=- | ℹ️ Sync skipped (no broker positions available)
2026-02-22 05:01:20,084 | INFO | modules.ui | component=ui mode=PAPER symbol=- order_id=- strategy=- | 🧠 [AI] Model Trained (v2). Holdout Accuracy: 81.10% | Rows: 85573 | PosRate: 42.86%
2026-02-22 05:01:37,294 | INFO | modules.ui | component=ui mode=PAPER symbol=- order_id=- strategy=- | [WATCHLIST] Crypto stable set selected: [] (universe=0, lookback=390)
2026-02-22 05:01:46,807 | INFO | modules.ui | component=ui mode=PAPER symbol=- order_id=- strategy=- | [DB] ⏳ MARA | fetched 562 | inserted 0 | up_to_date True (1/12)
2026-02-22 05:01:46,833 | INFO | modules.ui | component=ui mode=PAPER symbol=- order_id=- strategy=- | [DB] ⏳ AMD | fetched 587 | inserted 0 | up_to_date True (2/12)
2026-02-22 05:01:46,834 | INFO | modules.ui | component=ui mode=PAPER symbol=- order_id=- strategy=- | [DB] ⏳ UBER | fetched 588 | inserted 0 | up_to_date True (3/12)
2026-02-22 05:01:46,843 | INFO | modules.ui | component=ui mode=PAPER symbol=- order_id=- strategy=- | [DB] ⏳ HOOD | fetched 581 | inserted 0 | up_to_date True (4/12)
2026-02-22 05:01:46,844 | INFO | modules.ui | component=ui mode=PAPER symbol=- order_id=- strategy=- | [DB] ⏳ PLTR | fetched 570 | inserted 0 | up_to_date True (5/12)
2026-02-22 05:01:47,046 | INFO | modules.ui | component=ui mode=PAPER symbol=- order_id=- strategy=- | [DB] ⏳ COIN | fetched 574 | inserted 0 | up_to_date True (6/12)
2026-02-22 05:01:47,092 | INFO | modules.ui | component=ui mode=PAPER symbol=- order_id=- strategy=- | [DB] ⏳ SOXS | fetched 460 | inserted 0 | up_to_date True (7/12)
2026-02-22 05:01:47,102 | INFO | modules.ui | component=ui mode=PAPER symbol=- order_id=- strategy=- | [DB] ⏳ SPXU | fetched 487 | inserted 0 | up_to_date True (8/12)
2026-02-22 05:01:47,123 | INFO | modules.ui | component=ui mode=PAPER symbol=- order_id=- strategy=- | [DB] ⏳ SOXL | fetched 590 | inserted 0 | up_to_date True (9/12)
2026-02-22 05:01:47,133 | INFO | modules.ui | component=ui mode=PAPER symbol=- order_id=- strategy=- | [DB] ⏳ XLE | fetched 586 | inserted 0 | up_to_date True (10/12)
2026-02-22 05:01:47,225 | INFO | modules.ui | component=ui mode=PAPER symbol=- order_id=- strategy=- | [DB] ⏳ SQQQ | fetched 639 | inserted 0 | up_to_date True (11/12)
2026-02-22 05:01:47,281 | INFO | modules.ui | component=ui mode=PAPER symbol=- order_id=- strategy=- | [DB] ⏳ TQQQ | fetched 646 | inserted 0 | up_to_date True (12/12)
2026-02-22 05:01:47,283 | INFO | modules.ui | component=ui mode=PAPER symbol=- order_id=- strategy=- | [DB] ✅ Update Complete! You may close this window.
2026-02-22 05:01:47,283 | INFO | modules.ui | component=ui mode=PAPER symbol=- order_id=- strategy=- | 🧠 [AI] Retraining after DB update...
2026-02-22 05:02:11,312 | INFO | modules.ui | component=ui mode=PAPER symbol=- order_id=- strategy=- | 🧠 [AI] Model Trained (v2). Holdout Accuracy: 81.10% | Rows: 85573 | PosRate: 42.86%
2026-02-22 05:03:31,359 | INFO | modules.ui | component=engine mode=PAPER symbol=- order_id=- strategy=- | 📄 Run summary written: summary_2026.02.22_05.03.31_paper.json
