2026-02-22 02:56:40 | --- START v6.23.0 | Phase 5 — Shadow data-quality failure scoring ---
2026-02-22 02:56:40 | [SYSTEM] ✅ API Connected (https://paper-api.alpaca.markets)
2026-02-22 02:56:41 | [SYNC] 🔄 Syncing Alpaca positions to Database...
2026-02-22 02:56:41 | [SYNC] ℹ️ Sync skipped (no broker positions available)
2026-02-22 02:56:41 | 🧠 [AI] Not enough data to train.
2026-02-22 02:57:04 | [WATCHLIST] Crypto stable set selected: [] (universe=0, lookback=390)
2026-02-22 02:57:34 | 🎛️ [MINIPLAYER] DISABLED (UI refresh: 2.0s)
2026-02-22 03:01:53 | ⏳ PLTR | fetched 7633 | inserted 7434 | up_to_date False (1/12)
2026-02-22 03:01:53 | ⏳ UBER | fetched 7761 | inserted 7562 | up_to_date False (2/12)
2026-02-22 03:01:54 | ⏳ AMD | fetched 7620 | inserted 7421 | up_to_date False (3/12)
2026-02-22 03:01:54 | ⏳ MARA | fetched 7976 | inserted 7777 | up_to_date False (4/12)
2026-02-22 03:01:54 | ⏳ HOOD | fetched 7670 | inserted 7471 | up_to_date False (5/12)
2026-02-22 03:01:55 | ⏳ SPXU | fetched 3806 | inserted 3607 | up_to_date False (6/12)
2026-02-22 03:01:57 | ⏳ SOXS | fetched 5760 | inserted 5561 | up_to_date False (7/12)
2026-02-22 03:01:57 | ⏳ COIN | fetched 7579 | inserted 7380 | up_to_date False (8/12)
2026-02-22 03:01:57 | ⏳ XLE | fetched 7787 | inserted 7588 | up_to_date False (9/12)
2026-02-22 03:01:58 | ⏳ SOXL | fetched 7810 | inserted 7611 | up_to_date False (10/12)
2026-02-22 03:01:58 | ⏳ SQQQ | fetched 8477 | inserted 8278 | up_to_date False (11/12)
2026-02-22 03:02:00 | ⏳ TQQQ | fetched 8863 | inserted 8664 | up_to_date False (12/12)
2026-02-22 03:02:00 | ✅ Update Complete! You may close this window.
2026-02-22 03:02:00 | [SYSTEM] 📄 Run summary written: summary_2026.02.22_03.02.00_paper.json
2026-02-22 03:13:56 | --- START v6.23.0 | Phase 5 — Shadow data-quality failure scoring ---
2026-02-22 03:13:56 | [SYSTEM] ✅ API Connected (https://paper-api.alpaca.markets)
2026-02-22 03:13:56 | [SYNC] 🔄 Syncing Alpaca positions to Database...
2026-02-22 03:13:56 | [SYNC] ℹ️ Sync skipped (no broker positions available)
2026-02-22 03:14:21 | 🧠 [AI] Model Trained (v2). Holdout Accuracy: 81.10% | Rows: 85573 | PosRate: 42.86%
2026-02-22 03:14:29 | [DB] ⏳ MARA | fetched 562 | inserted 0 | up_to_date True (1/12)
2026-02-22 03:14:29 | [DB] ⏳ UBER | fetched 588 | inserted 0 | up_to_date True (2/12)
2026-02-22 03:14:29 | [DB] ⏳ HOOD | fetched 581 | inserted 0 | up_to_date True (3/12)
2026-02-22 03:14:29 | [DB] ⏳ AMD | fetched 587 | inserted 0 | up_to_date True (4/12)
2026-02-22 03:14:29 | [DB] ⏳ PLTR | fetched 570 | inserted 0 | up_to_date True (5/12)
2026-02-22 03:14:29 | [DB] ⏳ COIN | fetched 574 | inserted 0 | up_to_date True (6/12)
2026-02-22 03:14:29 | [DB] ⏳ XLE | fetched 586 | inserted 0 | up_to_date True (7/12)
2026-02-22 03:14:29 | [DB] ⏳ SOXS | fetched 460 | inserted 0 | up_to_date True (8/12)
2026-02-22 03:14:29 | [DB] ⏳ SPXU | fetched 487 | inserted 0 | up_to_date True (9/12)
2026-02-22 03:14:29 | [DB] ⏳ SOXL | fetched 590 | inserted 0 | up_to_date True (10/12)
2026-02-22 03:14:30 | [DB] ⏳ SQQQ | fetched 639 | inserted 0 | up_to_date True (11/12)
2026-02-22 03:14:30 | [DB] ⏳ TQQQ | fetched 646 | inserted 0 | up_to_date True (12/12)
2026-02-22 03:14:30 | [DB] ✅ Update Complete! You may close this window.
2026-02-22 03:14:30 | 🧠 [AI] Retraining after DB update...
2026-02-22 03:14:37 | [WATCHLIST] Crypto stable set selected: [] (universe=0, lookback=390)
2026-02-22 03:14:52 | 🧠 [AI] Model Trained (v2). Holdout Accuracy: 81.10% | Rows: 85573 | PosRate: 42.86%
2026-02-22 03:18:57 | ⏳ HOOD | fetched 581 | inserted 0 | up_to_date True (1/12)
2026-02-22 03:18:57 | ⏳ PLTR | fetched 570 | inserted 0 | up_to_date True (2/12)
2026-02-22 03:18:58 | ⏳ UBER | fetched 588 | inserted 0 | up_to_date True (3/12)
2026-02-22 03:18:58 | ⏳ MARA | fetched 562 | inserted 0 | up_to_date True (4/12)
2026-02-22 03:18:58 | ⏳ AMD | fetched 587 | inserted 0 | up_to_date True (5/12)
2026-02-22 03:18:58 | ⏳ COIN | fetched 574 | inserted 0 | up_to_date True (6/12)
2026-02-22 03:18:58 | ⏳ XLE | fetched 586 | inserted 0 | up_to_date True (7/12)
2026-02-22 03:18:58 | ⏳ SOXS | fetched 460 | inserted 0 | up_to_date True (8/12)
2026-02-22 03:18:58 | ⏳ SOXL | fetched 590 | inserted 0 | up_to_date True (9/12)
2026-02-22 03:18:58 | ⏳ SPXU | fetched 487 | inserted 0 | up_to_date True (10/12)
2026-02-22 03:18:58 | ⏳ SQQQ | fetched 639 | inserted 0 | up_to_date True (11/12)
2026-02-22 03:18:58 | ⏳ TQQQ | fetched 646 | inserted 0 | up_to_date True (12/12)
2026-02-22 03:18:58 | ✅ Update Complete! You may close this window.
2026-02-22 03:21:49 | Starting Backtest...
2026-02-22 03:21:49 | Backtesting... 5/12
2026-02-22 03:21:50 | Backtesting... 10/12
2026-02-22 03:21:50 | ✅ Backtest Complete.
2026-02-22 03:23:12 | 🧠 [AI] Retrain started...
2026-02-22 03:23:35 | 🧠 [AI] Model Trained (v2). Holdout Accuracy: 81.10% | Rows: 85573 | PosRate: 42.86%
2026-02-22 03:30:20 | [SYSTEM] 📄 Run summary written: summary_2026.02.22_03.30.20_paper.json
